<?xml version="1.0" encoding="UTF-8"?>
<!-- Generated by org.testng.reporters.JUnitReportReporter -->
<testsuite hostname="DESKTOP-TSISR14" failures="0" tests="1" name="com.reInvent.adminPortal.CreateRoute" time="65.067" errors="0" timestamp="16 Oct 2018 19:19:28 GMT">
  <testcase classname="com.reInvent.adminPortal.CreateRoute" name="createHappyPath" time="65.067"/>
</testsuite> <!-- com.reInvent.adminPortal.CreateRoute -->
